#! /opt/homebrew/Cellar/icarus-verilog/11.0/bin/vvp
:ivl_version "11.0 (stable)";
:ivl_delay_selection "TYPICAL";
:vpi_time_precision + 0;
:vpi_module "/opt/homebrew/Cellar/icarus-verilog/11.0/lib/ivl/system.vpi";
:vpi_module "/opt/homebrew/Cellar/icarus-verilog/11.0/lib/ivl/vhdl_sys.vpi";
:vpi_module "/opt/homebrew/Cellar/icarus-verilog/11.0/lib/ivl/vhdl_textio.vpi";
:vpi_module "/opt/homebrew/Cellar/icarus-verilog/11.0/lib/ivl/v2005_math.vpi";
:vpi_module "/opt/homebrew/Cellar/icarus-verilog/11.0/lib/ivl/va_math.vpi";
S_0x12fe04300 .scope module, "assn_delay" "assn_delay" 2 1;
 .timescale 0 0;
v0x600000ab8000_0 .var *"_ivl_0", 0 0; Local signal
v0x600000ab8090_0 .var "a", 0 0;
v0x600000ab8120_0 .var "b", 0 0;
    .scope S_0x12fe04300;
T_0 ;
    %pushi/vec4 0, 0, 1;
    %store/vec4 v0x600000ab8120_0, 0, 1;
    %end;
    .thread T_0;
    .scope S_0x12fe04300;
T_1 ;
    %vpi_call 2 6 "$monitor", v0x600000ab8090_0, v0x600000ab8120_0, $time {0 0 0};
    %end;
    .thread T_1;
    .scope S_0x12fe04300;
T_2 ;
    %delay 10, 0;
    %load/vec4 v0x600000ab8120_0;
    %store/vec4 v0x600000ab8090_0, 0, 1;
    %end;
    .thread T_2;
    .scope S_0x12fe04300;
T_3 ;
    %load/vec4 v0x600000ab8120_0;
    %store/vec4 v0x600000ab8000_0, 0, 1;
    %pushi/vec4 10, 0, 64;
    %ix/vec4 4;
    %delayx 4;
    %load/vec4 v0x600000ab8000_0;
    %store/vec4 v0x600000ab8090_0, 0, 1;
    %end;
    .thread T_3;
    .scope S_0x12fe04300;
T_4 ;
    %delay 5, 0;
    %pushi/vec4 1, 0, 1;
    %store/vec4 v0x600000ab8120_0, 0, 1;
    %end;
    .thread T_4;
# The file index is used to find the file name in the following table.
:file_names 3;
    "N/A";
    "<interactive>";
    "assn_delay.sv";
