Solution 1 (state 15)
states: 16  rewrites: 355 in 1ms cpu (1ms real) (305507 rewrites/second)
I/O:I/O --> "1\n"
"Final simulation time: 0"

Solution 2 (state 16)
states: 17  rewrites: 369 in 1ms cpu (1ms real) (300244 rewrites/second)
I/O:I/O --> "2\n"
"Final simulation time: 0"

Solution 3 (state 20)
states: 21  rewrites: 460 in 1ms cpu (1ms real) (299479 rewrites/second)
I/O:I/O --> "1\n"
"2\n"
"Final simulation time: 0"

Solution 4 (state 21)
states: 22  rewrites: 474 in 1ms cpu (1ms real) (296435 rewrites/second)
I/O:I/O --> "2\n"
"1\n"
"Final simulation time: 0"

No more solutions.
states: 22  rewrites: 474 in 1ms cpu (1ms real) (292592 rewrites/second)
